# JRE version: 7.0_25-b17
# Java VM: Java HotSpot(TM) 64-Bit Server VM (23.25-b01 mixed mode windows-amd64 compressed oops)
Heap
 PSYoungGen      total 56384K, used 0K [0x00000000eb4b0000, 0x00000000ef9d0000, 0x0000000100000000)
  eden space 42880K, 0% used [0x00000000eb4b0000,0x00000000eb4b0000,0x00000000ede90000)
  from space 13504K, 0% used [0x00000000ede90000,0x00000000ede90000,0x00000000eebc0000)
  to   space 13760K, 0% used [0x00000000eec60000,0x00000000eec60000,0x00000000ef9d0000)
 ParOldGen       total 70592K, used 16140K [0x00000000c1e00000, 0x00000000c62f0000, 0x00000000eb4b0000)
  object space 70592K, 22% used [0x00000000c1e00000,0x00000000c2dc3368,0x00000000c62f0000)
 PSPermGen       total 83968K, used 83967K [0x00000000bcc00000, 0x00000000c1e00000, 0x00000000c1e00000)
  object space 83968K, 99% used [0x00000000bcc00000,0x00000000c1dfff90,0x00000000c1e00000)
GC Heap History (10 events):
Event: 14038.007 GC heap before
{Heap before GC invocations=312 (full 7):
 PSYoungGen      total 54784K, used 0K [0x00000000eb4b0000, 0x00000000ef890000, 0x0000000100000000)
  eden space 42496K, 0% used [0x00000000eb4b0000,0x00000000eb4b0000,0x00000000ede30000)
  from space 12288K, 0% used [0x00000000ede30000,0x00000000ede30000,0x00000000eea30000)
  to   space 13056K, 0% used [0x00000000eebd0000,0x00000000eebd0000,0x00000000ef890000)
 ParOldGen       total 48128K, used 20919K [0x00000000c1e00000, 0x00000000c4d00000, 0x00000000eb4b0000)
  object space 48128K, 43% used [0x00000000c1e00000,0x00000000c326de88,0x00000000c4d00000)
 PSPermGen       total 83968K, used 83967K [0x00000000bcc00000, 0x00000000c1e00000, 0x00000000c1e00000)
  object space 83968K, 99% used [0x00000000bcc00000,0x00000000c1dffd88,0x00000000c1e00000)
Event: 14038.084 GC heap after
Heap after GC invocations=312 (full 7):
 PSYoungGen      total 54784K, used 0K [0x00000000eb4b0000, 0x00000000ef890000, 0x0000000100000000)
  eden space 42496K, 0% used [0x00000000eb4b0000,0x00000000eb4b0000,0x00000000ede30000)
  from space 12288K, 0% used [0x00000000ede30000,0x00000000ede30000,0x00000000eea30000)
  to   space 13056K, 0% used [0x00000000eebd0000,0x00000000eebd0000,0x00000000ef890000)
 ParOldGen       total 55424K, used 20877K [0x00000000c1e00000, 0x00000000c5420000, 0x00000000eb4b0000)
  object space 55424K, 37% used [0x00000000c1e00000,0x00000000c32637d8,0x00000000c5420000)
 PSPermGen       total 83968K, used 83957K [0x00000000bcc00000, 0x00000000c1e00000, 0x00000000c1e00000)
  object space 83968K, 99% used [0x00000000bcc00000,0x00000000c1dfd588,0x00000000c1e00000)
}
Event: 14038.085 GC heap before
{Heap before GC invocations=313 (full 7):
 PSYoungGen      total 54784K, used 2K [0x00000000eb4b0000, 0x00000000ef890000, 0x0000000100000000)
  eden space 42496K, 0% used [0x00000000eb4b0000,0x00000000eb4b0870,0x00000000ede30000)
  from space 12288K, 0% used [0x00000000ede30000,0x00000000ede30000,0x00000000eea30000)
  to   space 13056K, 0% used [0x00000000eebd0000,0x00000000eebd0000,0x00000000ef890000)
 ParOldGen       total 55424K, used 20877K [0x00000000c1e00000, 0x00000000c5420000, 0x00000000eb4b0000)
  object space 55424K, 37% used [0x00000000c1e00000,0x00000000c32637d8,0x00000000c5420000)
 PSPermGen       total 83968K, used 83967K [0x00000000bcc00000, 0x00000000c1e00000, 0x00000000c1e00000)
  object space 83968K, 99% used [0x00000000bcc00000,0x00000000c1dfff90,0x00000000c1e00000)
Event: 14038.087 GC heap after
Heap after GC invocations=313 (full 7):
 PSYoungGen      total 55936K, used 0K [0x00000000eb4b0000, 0x00000000ef8f0000, 0x0000000100000000)
  eden space 42880K, 0% used [0x00000000eb4b0000,0x00000000eb4b0000,0x00000000ede90000)
  from space 13056K, 0% used [0x00000000eebd0000,0x00000000eebd0000,0x00000000ef890000)
  to   space 13504K, 0% used [0x00000000ede90000,0x00000000ede90000,0x00000000eebc0000)
 ParOldGen       total 55424K, used 20877K [0x00000000c1e00000, 0x00000000c5420000, 0x00000000eb4b0000)
  object space 55424K, 37% used [0x00000000c1e00000,0x00000000c32637d8,0x00000000c5420000)
 PSPermGen       total 83968K, used 83967K [0x00000000bcc00000, 0x00000000c1e00000, 0x00000000c1e00000)
  object space 83968K, 99% used [0x00000000bcc00000,0x00000000c1dfff90,0x00000000c1e00000)
}
Event: 14038.087 GC heap before
{Heap before GC invocations=314 (full 8):
 PSYoungGen      total 55936K, used 0K [0x00000000eb4b0000, 0x00000000ef8f0000, 0x0000000100000000)
  eden space 42880K, 0% used [0x00000000eb4b0000,0x00000000eb4b0000,0x00000000ede90000)
  from space 13056K, 0% used [0x00000000eebd0000,0x00000000eebd0000,0x00000000ef890000)
  to   space 13504K, 0% used [0x00000000ede90000,0x00000000ede90000,0x00000000eebc0000)
 ParOldGen       total 55424K, used 20877K [0x00000000c1e00000, 0x00000000c5420000, 0x00000000eb4b0000)
  object space 55424K, 37% used [0x00000000c1e00000,0x00000000c32637d8,0x00000000c5420000)
 PSPermGen       total 83968K, used 83967K [0x00000000bcc00000, 0x00000000c1e00000, 0x00000000c1e00000)
  object space 83968K, 99% used [0x00000000bcc00000,0x00000000c1dfff90,0x00000000c1e00000)
Event: 14038.144 GC heap after
Heap after GC invocations=314 (full 8):
 PSYoungGen      total 55936K, used 0K [0x00000000eb4b0000, 0x00000000ef8f0000, 0x0000000100000000)
  eden space 42880K, 0% used [0x00000000eb4b0000,0x00000000eb4b0000,0x00000000ede90000)
  from space 13056K, 0% used [0x00000000eebd0000,0x00000000eebd0000,0x00000000ef890000)
  to   space 13504K, 0% used [0x00000000ede90000,0x00000000ede90000,0x00000000eebc0000)
 ParOldGen       total 60288K, used 16140K [0x00000000c1e00000, 0x00000000c58e0000, 0x00000000eb4b0000)
  object space 60288K, 26% used [0x00000000c1e00000,0x00000000c2dc3368,0x00000000c58e0000)
 PSPermGen       total 83968K, used 83967K [0x00000000bcc00000, 0x00000000c1e00000, 0x00000000c1e00000)
  object space 83968K, 99% used [0x00000000bcc00000,0x00000000c1dfff90,0x00000000c1e00000)
}
Event: 14038.144 GC heap before
{Heap before GC invocations=315 (full 8):
 PSYoungGen      total 55936K, used 0K [0x00000000eb4b0000, 0x00000000ef8f0000, 0x0000000100000000)
  eden space 42880K, 0% used [0x00000000eb4b0000,0x00000000eb4b0000,0x00000000ede90000)
  from space 13056K, 0% used [0x00000000eebd0000,0x00000000eebd0000,0x00000000ef890000)
  to   space 13504K, 0% used [0x00000000ede90000,0x00000000ede90000,0x00000000eebc0000)
 ParOldGen       total 60288K, used 16140K [0x00000000c1e00000, 0x00000000c58e0000, 0x00000000eb4b0000)
  object space 60288K, 26% used [0x00000000c1e00000,0x00000000c2dc3368,0x00000000c58e0000)
 PSPermGen       total 83968K, used 83967K [0x00000000bcc00000, 0x00000000c1e00000, 0x00000000c1e00000)
  object space 83968K, 99% used [0x00000000bcc00000,0x00000000c1dfff90,0x00000000c1e00000)
Event: 14038.146 GC heap after
Heap after GC invocations=315 (full 8):
 PSYoungGen      total 56384K, used 0K [0x00000000eb4b0000, 0x00000000ef9d0000, 0x0000000100000000)
  eden space 42880K, 0% used [0x00000000eb4b0000,0x00000000eb4b0000,0x00000000ede90000)
  from space 13504K, 0% used [0x00000000ede90000,0x00000000ede90000,0x00000000eebc0000)
  to   space 13760K, 0% used [0x00000000eec60000,0x00000000eec60000,0x00000000ef9d0000)
 ParOldGen       total 60288K, used 16140K [0x00000000c1e00000, 0x00000000c58e0000, 0x00000000eb4b0000)
  object space 60288K, 26% used [0x00000000c1e00000,0x00000000c2dc3368,0x00000000c58e0000)
 PSPermGen       total 83968K, used 83967K [0x00000000bcc00000, 0x00000000c1e00000, 0x00000000c1e00000)
  object space 83968K, 99% used [0x00000000bcc00000,0x00000000c1dfff90,0x00000000c1e00000)
}
Event: 14038.146 GC heap before
{Heap before GC invocations=316 (full 9):
 PSYoungGen      total 56384K, used 0K [0x00000000eb4b0000, 0x00000000ef9d0000, 0x0000000100000000)
  eden space 42880K, 0% used [0x00000000eb4b0000,0x00000000eb4b0000,0x00000000ede90000)
  from space 13504K, 0% used [0x00000000ede90000,0x00000000ede90000,0x00000000eebc0000)
  to   space 13760K, 0% used [0x00000000eec60000,0x00000000eec60000,0x00000000ef9d0000)
 ParOldGen       total 60288K, used 16140K [0x00000000c1e00000, 0x00000000c58e0000, 0x00000000eb4b0000)
  object space 60288K, 26% used [0x00000000c1e00000,0x00000000c2dc3368,0x00000000c58e0000)
 PSPermGen       total 83968K, used 83967K [0x00000000bcc00000, 0x00000000c1e00000, 0x00000000c1e00000)
  object space 83968K, 99% used [0x00000000bcc00000,0x00000000c1dfff90,0x00000000c1e00000)
Event: 14038.204 GC heap after
Heap after GC invocations=316 (full 9):
 PSYoungGen      total 56384K, used 0K [0x00000000eb4b0000, 0x00000000ef9d0000, 0x0000000100000000)
  eden space 42880K, 0% used [0x00000000eb4b0000,0x00000000eb4b0000,0x00000000ede90000)
  from space 13504K, 0% used [0x00000000ede90000,0x00000000ede90000,0x00000000eebc0000)
  to   space 13760K, 0% used [0x00000000eec60000,0x00000000eec60000,0x00000000ef9d0000)
 ParOldGen       total 70592K, used 16140K [0x00000000c1e00000, 0x00000000c62f0000, 0x00000000eb4b0000)
  object space 70592K, 22% used [0x00000000c1e00000,0x00000000c2dc3368,0x00000000c62f0000)
 PSPermGen       total 83968K, used 83967K [0x00000000bcc00000, 0x00000000c1e00000, 0x00000000c1e00000)
  object space 83968K, 99% used [0x00000000bcc00000,0x00000000c1dfff90,0x00000000c1e00000)
}

