# JRE version: 7.0_25-b17
# Java VM: Java HotSpot(TM) 64-Bit Server VM (23.25-b01 mixed mode windows-amd64 compressed oops)
Heap
 PSYoungGen      total 318656K, used 0K [0x00000000eb4b0000, 0x00000000ffab0000, 0x0000000100000000)
  eden space 305280K, 0% used [0x00000000eb4b0000,0x00000000eb4b0000,0x00000000fded0000)
  from space 13376K, 0% used [0x00000000feda0000,0x00000000feda0000,0x00000000ffab0000)
  to   space 14272K, 0% used [0x00000000fded0000,0x00000000fded0000,0x00000000fecc0000)
 ParOldGen       total 302976K, used 16695K [0x00000000c1e00000, 0x00000000d45e0000, 0x00000000eb4b0000)
  object space 302976K, 5% used [0x00000000c1e00000,0x00000000c2e4ddf8,0x00000000d45e0000)
 PSPermGen       total 83968K, used 83967K [0x00000000bcc00000, 0x00000000c1e00000, 0x00000000c1e00000)
  object space 83968K, 99% used [0x00000000bcc00000,0x00000000c1dfff40,0x00000000c1e00000)
GC Heap History (10 events):
Event: 760.296 GC heap before
{Heap before GC invocations=46 (full 12):
 PSYoungGen      total 317184K, used 192K [0x00000000eb4b0000, 0x00000000ffb80000, 0x0000000100000000)
  eden space 302912K, 0% used [0x00000000eb4b0000,0x00000000eb4b0000,0x00000000fdc80000)
  from space 14272K, 1% used [0x00000000fed90000,0x00000000fedc0000,0x00000000ffb80000)
  to   space 15872K, 0% used [0x00000000fdc80000,0x00000000fdc80000,0x00000000fec00000)
 ParOldGen       total 183104K, used 16773K [0x00000000c1e00000, 0x00000000cd0d0000, 0x00000000eb4b0000)
  object space 183104K, 9% used [0x00000000c1e00000,0x00000000c2e615b8,0x00000000cd0d0000)
 PSPermGen       total 83968K, used 83967K [0x00000000bcc00000, 0x00000000c1e00000, 0x00000000c1e00000)
  object space 83968K, 99% used [0x00000000bcc00000,0x00000000c1dfffc8,0x00000000c1e00000)
Event: 760.354 GC heap after
Heap after GC invocations=46 (full 12):
 PSYoungGen      total 317184K, used 0K [0x00000000eb4b0000, 0x00000000ffb80000, 0x0000000100000000)
  eden space 302912K, 0% used [0x00000000eb4b0000,0x00000000eb4b0000,0x00000000fdc80000)
  from space 14272K, 0% used [0x00000000fed90000,0x00000000fed90000,0x00000000ffb80000)
  to   space 15872K, 0% used [0x00000000fdc80000,0x00000000fdc80000,0x00000000fec00000)
 ParOldGen       total 216832K, used 16704K [0x00000000c1e00000, 0x00000000cf1c0000, 0x00000000eb4b0000)
  object space 216832K, 7% used [0x00000000c1e00000,0x00000000c2e500f0,0x00000000cf1c0000)
 PSPermGen       total 83968K, used 83911K [0x00000000bcc00000, 0x00000000c1e00000, 0x00000000c1e00000)
  object space 83968K, 99% used [0x00000000bcc00000,0x00000000c1df1e08,0x00000000c1e00000)
}
Event: 760.356 GC heap before
{Heap before GC invocations=47 (full 12):
 PSYoungGen      total 317184K, used 248K [0x00000000eb4b0000, 0x00000000ffb80000, 0x0000000100000000)
  eden space 302912K, 0% used [0x00000000eb4b0000,0x00000000eb4ee268,0x00000000fdc80000)
  from space 14272K, 0% used [0x00000000fed90000,0x00000000fed90000,0x00000000ffb80000)
  to   space 15872K, 0% used [0x00000000fdc80000,0x00000000fdc80000,0x00000000fec00000)
 ParOldGen       total 216832K, used 16704K [0x00000000c1e00000, 0x00000000cf1c0000, 0x00000000eb4b0000)
  object space 216832K, 7% used [0x00000000c1e00000,0x00000000c2e500f0,0x00000000cf1c0000)
 PSPermGen       total 83968K, used 83967K [0x00000000bcc00000, 0x00000000c1e00000, 0x00000000c1e00000)
  object space 83968K, 99% used [0x00000000bcc00000,0x00000000c1dfff40,0x00000000c1e00000)
Event: 760.358 GC heap after
Heap after GC invocations=47 (full 12):
 PSYoungGen      total 318784K, used 0K [0x00000000eb4b0000, 0x00000000ffc60000, 0x0000000100000000)
  eden space 302912K, 0% used [0x00000000eb4b0000,0x00000000eb4b0000,0x00000000fdc80000)
  from space 15872K, 0% used [0x00000000fdc80000,0x00000000fdc80000,0x00000000fec00000)
  to   space 15104K, 0% used [0x00000000feda0000,0x00000000feda0000,0x00000000ffc60000)
 ParOldGen       total 216832K, used 16704K [0x00000000c1e00000, 0x00000000cf1c0000, 0x00000000eb4b0000)
  object space 216832K, 7% used [0x00000000c1e00000,0x00000000c2e500f0,0x00000000cf1c0000)
 PSPermGen       total 83968K, used 83967K [0x00000000bcc00000, 0x00000000c1e00000, 0x00000000c1e00000)
  object space 83968K, 99% used [0x00000000bcc00000,0x00000000c1dfff40,0x00000000c1e00000)
}
Event: 760.358 GC heap before
{Heap before GC invocations=48 (full 13):
 PSYoungGen      total 318784K, used 0K [0x00000000eb4b0000, 0x00000000ffc60000, 0x0000000100000000)
  eden space 302912K, 0% used [0x00000000eb4b0000,0x00000000eb4b0000,0x00000000fdc80000)
  from space 15872K, 0% used [0x00000000fdc80000,0x00000000fdc80000,0x00000000fec00000)
  to   space 15104K, 0% used [0x00000000feda0000,0x00000000feda0000,0x00000000ffc60000)
 ParOldGen       total 216832K, used 16704K [0x00000000c1e00000, 0x00000000cf1c0000, 0x00000000eb4b0000)
  object space 216832K, 7% used [0x00000000c1e00000,0x00000000c2e500f0,0x00000000cf1c0000)
 PSPermGen       total 83968K, used 83967K [0x00000000bcc00000, 0x00000000c1e00000, 0x00000000c1e00000)
  object space 83968K, 99% used [0x00000000bcc00000,0x00000000c1dfff40,0x00000000c1e00000)
Event: 760.414 GC heap after
Heap after GC invocations=48 (full 13):
 PSYoungGen      total 318784K, used 0K [0x00000000eb4b0000, 0x00000000ffc60000, 0x0000000100000000)
  eden space 302912K, 0% used [0x00000000eb4b0000,0x00000000eb4b0000,0x00000000fdc80000)
  from space 15872K, 0% used [0x00000000fdc80000,0x00000000fdc80000,0x00000000fec00000)
  to   space 15104K, 0% used [0x00000000feda0000,0x00000000feda0000,0x00000000ffc60000)
 ParOldGen       total 255936K, used 16695K [0x00000000c1e00000, 0x00000000d17f0000, 0x00000000eb4b0000)
  object space 255936K, 6% used [0x00000000c1e00000,0x00000000c2e4ddf8,0x00000000d17f0000)
 PSPermGen       total 83968K, used 83967K [0x00000000bcc00000, 0x00000000c1e00000, 0x00000000c1e00000)
  object space 83968K, 99% used [0x00000000bcc00000,0x00000000c1dfff40,0x00000000c1e00000)
}
Event: 760.414 GC heap before
{Heap before GC invocations=49 (full 13):
 PSYoungGen      total 318784K, used 0K [0x00000000eb4b0000, 0x00000000ffc60000, 0x0000000100000000)
  eden space 302912K, 0% used [0x00000000eb4b0000,0x00000000eb4b0000,0x00000000fdc80000)
  from space 15872K, 0% used [0x00000000fdc80000,0x00000000fdc80000,0x00000000fec00000)
  to   space 15104K, 0% used [0x00000000feda0000,0x00000000feda0000,0x00000000ffc60000)
 ParOldGen       total 255936K, used 16695K [0x00000000c1e00000, 0x00000000d17f0000, 0x00000000eb4b0000)
  object space 255936K, 6% used [0x00000000c1e00000,0x00000000c2e4ddf8,0x00000000d17f0000)
 PSPermGen       total 83968K, used 83967K [0x00000000bcc00000, 0x00000000c1e00000, 0x00000000c1e00000)
  object space 83968K, 99% used [0x00000000bcc00000,0x00000000c1dfff40,0x00000000c1e00000)
Event: 760.416 GC heap after
Heap after GC invocations=49 (full 13):
 PSYoungGen      total 318656K, used 0K [0x00000000eb4b0000, 0x00000000ffab0000, 0x0000000100000000)
  eden space 305280K, 0% used [0x00000000eb4b0000,0x00000000eb4b0000,0x00000000fded0000)
  from space 13376K, 0% used [0x00000000feda0000,0x00000000feda0000,0x00000000ffab0000)
  to   space 14272K, 0% used [0x00000000fded0000,0x00000000fded0000,0x00000000fecc0000)
 ParOldGen       total 255936K, used 16695K [0x00000000c1e00000, 0x00000000d17f0000, 0x00000000eb4b0000)
  object space 255936K, 6% used [0x00000000c1e00000,0x00000000c2e4ddf8,0x00000000d17f0000)
 PSPermGen       total 83968K, used 83967K [0x00000000bcc00000, 0x00000000c1e00000, 0x00000000c1e00000)
  object space 83968K, 99% used [0x00000000bcc00000,0x00000000c1dfff40,0x00000000c1e00000)
}
Event: 760.416 GC heap before
{Heap before GC invocations=50 (full 14):
 PSYoungGen      total 318656K, used 0K [0x00000000eb4b0000, 0x00000000ffab0000, 0x0000000100000000)
  eden space 305280K, 0% used [0x00000000eb4b0000,0x00000000eb4b0000,0x00000000fded0000)
  from space 13376K, 0% used [0x00000000feda0000,0x00000000feda0000,0x00000000ffab0000)
  to   space 14272K, 0% used [0x00000000fded0000,0x00000000fded0000,0x00000000fecc0000)
 ParOldGen       total 255936K, used 16695K [0x00000000c1e00000, 0x00000000d17f0000, 0x00000000eb4b0000)
  object space 255936K, 6% used [0x00000000c1e00000,0x00000000c2e4ddf8,0x00000000d17f0000)
 PSPermGen       total 83968K, used 83967K [0x00000000bcc00000, 0x00000000c1e00000, 0x00000000c1e00000)
  object space 83968K, 99% used [0x00000000bcc00000,0x00000000c1dfff40,0x00000000c1e00000)
Event: 760.472 GC heap after
Heap after GC invocations=50 (full 14):
 PSYoungGen      total 318656K, used 0K [0x00000000eb4b0000, 0x00000000ffab0000, 0x0000000100000000)
  eden space 305280K, 0% used [0x00000000eb4b0000,0x00000000eb4b0000,0x00000000fded0000)
  from space 13376K, 0% used [0x00000000feda0000,0x00000000feda0000,0x00000000ffab0000)
  to   space 14272K, 0% used [0x00000000fded0000,0x00000000fded0000,0x00000000fecc0000)
 ParOldGen       total 302976K, used 16695K [0x00000000c1e00000, 0x00000000d45e0000, 0x00000000eb4b0000)
  object space 302976K, 5% used [0x00000000c1e00000,0x00000000c2e4ddf8,0x00000000d45e0000)
 PSPermGen       total 83968K, used 83967K [0x00000000bcc00000, 0x00000000c1e00000, 0x00000000c1e00000)
  object space 83968K, 99% used [0x00000000bcc00000,0x00000000c1dfff40,0x00000000c1e00000)
}

